[debug] [2021-11-16T01:51:24.608Z] ----------------------------------------------------------------------
[debug] [2021-11-16T01:51:24.610Z] Command:       C:\Program Files\nodejs\node.exe C:\Users\Lenovo\AppData\Roaming\npm\node_modules\firebase-tools\lib\bin\firebase.js init
[debug] [2021-11-16T01:51:24.611Z] CLI Version:   9.22.0
[debug] [2021-11-16T01:51:24.611Z] Platform:      win32
[debug] [2021-11-16T01:51:24.611Z] Node Version:  v16.13.0
[debug] [2021-11-16T01:51:24.612Z] Time:          Tue Nov 16 2021 08:51:24 GMT+0700 (Indochina Time)
[debug] [2021-11-16T01:51:24.612Z] ----------------------------------------------------------------------
[debug] 
[debug] [2021-11-16T01:51:24.620Z] > command requires scopes: ["email","openid","https://www.googleapis.com/auth/cloudplatformprojects.readonly","https://www.googleapis.com/auth/firebase","https://www.googleapis.com/auth/cloud-platform"]
[debug] [2021-11-16T01:51:24.620Z] > authorizing via signed-in user (luonglamhoang2000@gmail.com)
[info] 
     ######## #### ########  ######## ########     ###     ######  ########
     ##        ##  ##     ## ##       ##     ##  ##   ##  ##       ##
     ######    ##  ########  ######   ########  #########  ######  ######
     ##        ##  ##    ##  ##       ##     ## ##     ##       ## ##
     ##       #### ##     ## ######## ########  ##     ##  ######  ########

You're about to initialize a Firebase project in this directory:

  C:\Workspace\học hành căng thẳng\CN web\week8-react-node\frontend

Before we get started, keep in mind:

  * You are currently outside your home directory

[info] 
=== Project Setup
[info] 
[info] First, let's associate this project directory with a Firebase project.
[info] You can create multiple project aliases by running firebase use --add, 
[info] but for now we'll just set up a default project.
[info] 
[info] i  If you want to create a project in a Google Cloud organization or folder, please use "firebase projects:create" instead, and return to this command when you've created the project. 
[debug] [2021-11-16T01:52:41.648Z] > refreshing access token with scopes: ["email","https://www.googleapis.com/auth/cloud-platform","https://www.googleapis.com/auth/cloudplatformprojects.readonly","https://www.googleapis.com/auth/firebase","openid"]
[debug] [2021-11-16T01:52:41.648Z] >>> HTTP REQUEST POST https://www.googleapis.com/oauth2/v3/token  
 <request body omitted>
[debug] [2021-11-16T01:52:41.821Z] <<< HTTP RESPONSE 200 {"pragma":"no-cache","cache-control":"no-cache, no-store, max-age=0, must-revalidate","expires":"Mon, 01 Jan 1990 00:00:00 GMT","date":"Tue, 16 Nov 2021 01:52:41 GMT","content-type":"application/json; charset=utf-8","vary":"X-Origin, Referer, Origin,Accept-Encoding","server":"scaffolding on HTTPServer2","x-xss-protection":"0","x-frame-options":"SAMEORIGIN","x-content-type-options":"nosniff","alt-svc":"h3=\":443\"; ma=2592000,h3-29=\":443\"; ma=2592000,h3-Q050=\":443\"; ma=2592000,h3-Q046=\":443\"; ma=2592000,h3-Q043=\":443\"; ma=2592000,quic=\":443\"; ma=2592000; v=\"46,43\"","accept-ranges":"none","transfer-encoding":"chunked"}
[debug] [2021-11-16T01:52:41.849Z] >>> HTTP REQUEST POST https://cloudresourcemanager.googleapis.com/v1/projects  
 {"projectId":"todoApp","name":"todoApp"}
[debug] [2021-11-16T01:52:42.921Z] <<< HTTP RESPONSE 400 {"vary":"X-Origin, Referer, Origin,Accept-Encoding","content-type":"application/json; charset=UTF-8","date":"Tue, 16 Nov 2021 01:52:42 GMT","server":"ESF","cache-control":"private","x-xss-protection":"0","x-frame-options":"SAMEORIGIN","x-content-type-options":"nosniff","server-timing":"gfet4t7; dur=875","alt-svc":"h3=\":443\"; ma=2592000,h3-29=\":443\"; ma=2592000,h3-Q050=\":443\"; ma=2592000,h3-Q046=\":443\"; ma=2592000,h3-Q043=\":443\"; ma=2592000,quic=\":443\"; ma=2592000; v=\"46,43\"","accept-ranges":"none","transfer-encoding":"chunked"}
[debug] [2021-11-16T01:52:42.921Z] <<< HTTP RESPONSE BODY {"error":{"code":400,"message":"field [project_id] has issue [project_id contains invalid characters]","status":"INVALID_ARGUMENT","details":[{"@type":"type.googleapis.com/google.rpc.BadRequest","fieldViolations":[{"field":"project_id","description":"project_id contains invalid characters"}]},{"@type":"type.googleapis.com/google.rpc.Help","links":[{"url":"https://cloud.google.com/resource-manager/reference/rest/v1/projects"}]}]}}
[debug] [2021-11-16T01:52:43.063Z] FirebaseError: HTTP Error: 400, field [project_id] has issue [project_id contains invalid characters]
    at module.exports (C:\Users\Lenovo\AppData\Roaming\npm\node_modules\firebase-tools\lib\responseToError.js:38:12)
    at Request._callback (C:\Users\Lenovo\AppData\Roaming\npm\node_modules\firebase-tools\lib\api.js:41:35)
    at Request.self.callback (C:\Users\Lenovo\AppData\Roaming\npm\node_modules\firebase-tools\node_modules\request\request.js:185:22)
    at Request.emit (node:events:390:28)
    at Request.emit (node:domain:475:12)
    at Request.<anonymous> (C:\Users\Lenovo\AppData\Roaming\npm\node_modules\firebase-tools\node_modules\request\request.js:1154:10)
    at Request.emit (node:events:390:28)
    at Request.emit (node:domain:475:12)
    at IncomingMessage.<anonymous> (C:\Users\Lenovo\AppData\Roaming\npm\node_modules\firebase-tools\node_modules\request\request.js:1076:12)
    at Object.onceWrapper (node:events:509:28)
    at IncomingMessage.emit (node:events:402:35)
    at IncomingMessage.emit (node:domain:475:12)
    at endReadableNT (node:internal/streams/readable:1343:12)
    at processTicksAndRejections (node:internal/process/task_queues:83:21)
[error] 
[error] Error: Failed to create project. See firebase-debug.log for more info.
[debug] [2021-11-16T02:06:00.491Z] ----------------------------------------------------------------------
[debug] [2021-11-16T02:06:00.492Z] Command:       C:\Program Files\nodejs\node.exe C:\Users\Lenovo\AppData\Roaming\npm\node_modules\firebase-tools\lib\bin\firebase.js init
[debug] [2021-11-16T02:06:00.493Z] CLI Version:   9.22.0
[debug] [2021-11-16T02:06:00.493Z] Platform:      win32
[debug] [2021-11-16T02:06:00.493Z] Node Version:  v16.13.0
[debug] [2021-11-16T02:06:00.498Z] Time:          Tue Nov 16 2021 09:06:00 GMT+0700 (Indochina Time)
[debug] [2021-11-16T02:06:00.498Z] ----------------------------------------------------------------------
[debug] 
[debug] [2021-11-16T02:06:00.506Z] > command requires scopes: ["email","openid","https://www.googleapis.com/auth/cloudplatformprojects.readonly","https://www.googleapis.com/auth/firebase","https://www.googleapis.com/auth/cloud-platform"]
[debug] [2021-11-16T02:06:00.506Z] > authorizing via signed-in user (luonglamhoang2000@gmail.com)
[info] 
     ######## #### ########  ######## ########     ###     ######  ########
     ##        ##  ##     ## ##       ##     ##  ##   ##  ##       ##
     ######    ##  ########  ######   ########  #########  ######  ######
     ##        ##  ##    ##  ##       ##     ## ##     ##       ## ##
     ##       #### ##     ## ######## ########  ##     ##  ######  ########

You're about to initialize a Firebase project in this directory:

  C:\Workspace\học hành căng thẳng\CN web\week8-react-node\frontend

Before we get started, keep in mind:

  * You are currently outside your home directory

[info] 
=== Project Setup
[info] 
[info] First, let's associate this project directory with a Firebase project.
[info] You can create multiple project aliases by running firebase use --add, 
[info] but for now we'll just set up a default project.
[info] 
[info] i  If you want to create a project in a Google Cloud organization or folder, please use "firebase projects:create" instead, and return to this command when you've created the project. 
[debug] [2021-11-16T02:06:38.088Z] >>> HTTP REQUEST POST https://cloudresourcemanager.googleapis.com/v1/projects  
 {"projectId":"hoanglam-todo-app-demo-fe","name":"hoanglam-todo-app-demo-fe"}
[debug] [2021-11-16T02:06:39.590Z] <<< HTTP RESPONSE 200 {"content-type":"application/json; charset=UTF-8","vary":"X-Origin, Referer, Origin,Accept-Encoding","date":"Tue, 16 Nov 2021 02:06:39 GMT","server":"ESF","cache-control":"private","x-xss-protection":"0","x-frame-options":"SAMEORIGIN","x-content-type-options":"nosniff","server-timing":"gfet4t7; dur=1243","alt-svc":"h3=\":443\"; ma=2592000,h3-29=\":443\"; ma=2592000,h3-Q050=\":443\"; ma=2592000,h3-Q046=\":443\"; ma=2592000,h3-Q043=\":443\"; ma=2592000,quic=\":443\"; ma=2592000; v=\"46,43\"","accept-ranges":"none","transfer-encoding":"chunked"}
[debug] [2021-11-16T02:06:39.593Z] > refreshing access token with scopes: []
[debug] [2021-11-16T02:06:39.593Z] >>> HTTP REQUEST POST https://www.googleapis.com/oauth2/v3/token  
 <request body omitted>
[debug] [2021-11-16T02:06:39.780Z] <<< HTTP RESPONSE 200 {"date":"Tue, 16 Nov 2021 02:06:39 GMT","pragma":"no-cache","expires":"Mon, 01 Jan 1990 00:00:00 GMT","cache-control":"no-cache, no-store, max-age=0, must-revalidate","content-type":"application/json; charset=utf-8","vary":"X-Origin, Referer, Origin,Accept-Encoding","server":"scaffolding on HTTPServer2","x-xss-protection":"0","x-frame-options":"SAMEORIGIN","x-content-type-options":"nosniff","alt-svc":"h3=\":443\"; ma=2592000,h3-29=\":443\"; ma=2592000,h3-Q050=\":443\"; ma=2592000,h3-Q046=\":443\"; ma=2592000,h3-Q043=\":443\"; ma=2592000,quic=\":443\"; ma=2592000; v=\"46,43\"","accept-ranges":"none","transfer-encoding":"chunked"}
[debug] [2021-11-16T02:06:39.809Z] >>> [apiv2][query] GET https://cloudresourcemanager.googleapis.com/v1/operations/cp.5521437855952948346 [none]
[debug] [2021-11-16T02:06:41.154Z] <<< [apiv2][status] GET https://cloudresourcemanager.googleapis.com/v1/operations/cp.5521437855952948346 200
[debug] [2021-11-16T02:06:41.154Z] <<< [apiv2][body] GET https://cloudresourcemanager.googleapis.com/v1/operations/cp.5521437855952948346 {"name":"operations/cp.5521437855952948346","metadata":{"@type":"type.googleapis.com/google.cloudresourcemanager.v1.ProjectCreationStatus","ready":true},"done":true,"error":{"code":9,"message":"Callers must accept Terms of Service","details":[{"@type":"type.googleapis.com/google.rpc.PreconditionFailure","violations":[{"type":"TOS","subject":"cloud","description":"Callers must accept Terms of Service"}]}]}}
[debug] [2021-11-16T02:06:41.338Z] FirebaseError: Callers must accept Terms of Service
    at OperationPoller.poll (C:\Users\Lenovo\AppData\Roaming\npm\node_modules\firebase-tools\lib\operation-poller.js:24:19)
    at processTicksAndRejections (node:internal/process/task_queues:96:5)
    at async createCloudProject (C:\Users\Lenovo\AppData\Roaming\npm\node_modules\firebase-tools\lib\management\projects.js:181:29)
    at async Object.createFirebaseProjectAndLog (C:\Users\Lenovo\AppData\Roaming\npm\node_modules\firebase-tools\lib\management\projects.js:46:9)
    at async promptAndCreateNewProject (C:\Users\Lenovo\AppData\Roaming\npm\node_modules\firebase-tools\lib\init\features\project.js:32:12)
    at async Object.doSetup [as project] (C:\Users\Lenovo\AppData\Roaming\npm\node_modules\firebase-tools\lib\init\features\project.js:87:27)
    at async init (C:\Users\Lenovo\AppData\Roaming\npm\node_modules\firebase-tools\lib\init\index.js:19:9)
[error] 
[error] Error: Failed to create project. See firebase-debug.log for more info.
